android/app/build/intermediates/manifest_merge_blame_file/debug/manifest-merger-blame-debug-report.txt
1<?xml version="1.0" encoding="utf-8"?>
2<manifest xmlns:android="http://schemas.android.com/apk/res/android"
3    package="com.bracketsdevphone"
4    android:versionCode="1"
5    android:versionName="1.0" >
6
7    <uses-sdk
8        android:minSdkVersion="21"
9        android:targetSdkVersion="34" />
10
11    <uses-permission android:name="android.permission.INTERNET" />
11-->src/main/AndroidManifest.xml:4:5-67
11-->src/main/AndroidManifest.xml:4:22-64
12    <uses-permission android:name="android.permission.USE_FULL_SCREEN_INTENT" />
12-->src/main/AndroidManifest.xml:5:5-81
12-->src/main/AndroidManifest.xml:5:22-78
13    <uses-permission android:name="android.permission.FOREGROUND_SERVICE" />
13-->src/main/AndroidManifest.xml:6:5-77
13-->src/main/AndroidManifest.xml:6:22-74
14    <uses-permission android:name="android.permission.WAKE_LOCK" />
14-->src/main/AndroidManifest.xml:7:5-68
14-->src/main/AndroidManifest.xml:7:22-65
15    <uses-permission android:name="android.permission.VIBRATE" />
15-->src/main/AndroidManifest.xml:8:5-66
15-->src/main/AndroidManifest.xml:8:22-63
16    <uses-permission android:name="android.permission.RECEIVE_BOOT_COMPLETED" />
16-->src/main/AndroidManifest.xml:9:5-81
16-->src/main/AndroidManifest.xml:9:22-78
17    <uses-permission android:name="android.permission.WRITE_CONTACTS" />
17-->src/main/AndroidManifest.xml:10:5-73
17-->src/main/AndroidManifest.xml:10:22-70
18    <uses-permission android:name="android.permission.READ_CONTACTS" />
18-->src/main/AndroidManifest.xml:11:5-72
18-->src/main/AndroidManifest.xml:11:22-69
19    <uses-permission android:name="android.permission.POST_NOTIFICATIONS" />
19-->src/main/AndroidManifest.xml:12:5-76
19-->src/main/AndroidManifest.xml:12:22-74
20    <uses-permission android:name="android.permission.READ_PROFILE" />
20-->src/main/AndroidManifest.xml:13:5-71
20-->src/main/AndroidManifest.xml:13:22-68
21    <uses-permission android:name="android.permission.SCHEDULE_EXACT_ALARM" />
21-->src/main/AndroidManifest.xml:14:5-79
21-->src/main/AndroidManifest.xml:14:22-76
22    <uses-permission android:name="android.permission.USE_EXACT_ALARM" />
22-->src/main/AndroidManifest.xml:15:5-74
22-->src/main/AndroidManifest.xml:15:22-71
23    <uses-permission android:name="android.permission.ACCESS_NETWORK_STATE" />
23-->[:react-native-firebase_messaging] AndroidManifest.xml:9:5-79
23-->[:react-native-firebase_messaging] AndroidManifest.xml:9:22-76
24    <!--
25    This manifest file is used only by Gradle to configure debug-only capabilities
26    for React Native Apps.
27    -->
28    <uses-permission android:name="android.permission.SYSTEM_ALERT_WINDOW" /> <!-- Required by older versions of Google Play services to create IID tokens -->
28-->[com.facebook.react:react-android:0.73.1] AndroidManifest.xml:16:5-78
28-->[com.facebook.react:react-android:0.73.1] AndroidManifest.xml:16:22-75
29    <uses-permission android:name="com.google.android.c2dm.permission.RECEIVE" />
29-->[com.google.firebase:firebase-messaging:23.4.0] AndroidManifest.xml:26:5-82
29-->[com.google.firebase:firebase-messaging:23.4.0] AndroidManifest.xml:26:22-79
30    <uses-permission android:name="com.google.android.gms.permission.AD_ID" />
30-->[com.google.android.gms:play-services-measurement-api:21.5.0] AndroidManifest.xml:25:5-79
30-->[com.google.android.gms:play-services-measurement-api:21.5.0] AndroidManifest.xml:25:22-76
31    <uses-permission android:name="android.permission.ACCESS_ADSERVICES_ATTRIBUTION" />
31-->[com.google.android.gms:play-services-measurement-api:21.5.0] AndroidManifest.xml:26:5-88
31-->[com.google.android.gms:play-services-measurement-api:21.5.0] AndroidManifest.xml:26:22-85
32    <uses-permission android:name="android.permission.ACCESS_ADSERVICES_AD_ID" />
32-->[com.google.android.gms:play-services-measurement-api:21.5.0] AndroidManifest.xml:27:5-82
32-->[com.google.android.gms:play-services-measurement-api:21.5.0] AndroidManifest.xml:27:22-79
33    <uses-permission android:name="android.permission.ACCESS_WIFI_STATE" />
33-->[com.facebook.flipper:flipper:0.201.0] AndroidManifest.xml:14:5-76
33-->[com.facebook.flipper:flipper:0.201.0] AndroidManifest.xml:14:22-73
34    <uses-permission android:name="com.google.android.finsky.permission.BIND_GET_INSTALL_REFERRER_SERVICE" />
34-->[com.google.android.gms:play-services-measurement:21.5.0] AndroidManifest.xml:26:5-110
34-->[com.google.android.gms:play-services-measurement:21.5.0] AndroidManifest.xml:26:22-107
35
36    <permission
36-->[androidx.core:core:1.9.0] AndroidManifest.xml:22:5-24:47
37        android:name="com.bracketsdevphone.DYNAMIC_RECEIVER_NOT_EXPORTED_PERMISSION"
37-->[androidx.core:core:1.9.0] AndroidManifest.xml:23:9-81
38        android:protectionLevel="signature" />
38-->[androidx.core:core:1.9.0] AndroidManifest.xml:24:9-44
39
40    <uses-permission android:name="com.bracketsdevphone.DYNAMIC_RECEIVER_NOT_EXPORTED_PERMISSION" />
40-->[androidx.core:core:1.9.0] AndroidManifest.xml:26:5-97
40-->[androidx.core:core:1.9.0] AndroidManifest.xml:26:22-94
41    <uses-permission
41-->[app.notifee:core:202108261754] AndroidManifest.xml:18:5-20:38
42        android:name="android.permission.BROADCAST_CLOSE_SYSTEM_DIALOGS"
42-->[app.notifee:core:202108261754] AndroidManifest.xml:19:9-73
43        android:maxSdkVersion="30" /> <!-- For Xiaomi devices to enable heads-up notifications as default (https://github.com/invertase/notifee/issues/296) -->
43-->[app.notifee:core:202108261754] AndroidManifest.xml:20:9-35
44    <uses-permission
44-->[app.notifee:core:202108261754] AndroidManifest.xml:22:5-24:38
45        android:name="android.permission.ACCESS_NOTIFICATION_POLICY"
45-->[app.notifee:core:202108261754] AndroidManifest.xml:23:9-69
46        android:minSdkVersion="23" /> <!-- for android -->
46-->[app.notifee:core:202108261754] AndroidManifest.xml:24:9-35
47    <!-- <uses-permission android:name="com.android.launcher.permission.READ_SETTINGS"/> -->
48    <!-- <uses-permission android:name="com.android.launcher.permission.WRITE_SETTINGS"/> -->
49    <!-- <uses-permission android:name="com.android.launcher.permission.INSTALL_SHORTCUT" /> -->
50    <!-- <uses-permission android:name="com.android.launcher.permission.UNINSTALL_SHORTCUT" /> -->
51    <!-- for Samsung -->
52    <uses-permission android:name="com.sec.android.provider.badge.permission.READ" />
52-->[me.leolin:ShortcutBadger:1.1.22] AndroidManifest.xml:19:5-86
52-->[me.leolin:ShortcutBadger:1.1.22] AndroidManifest.xml:19:22-83
53    <uses-permission android:name="com.sec.android.provider.badge.permission.WRITE" /> <!-- for htc -->
53-->[me.leolin:ShortcutBadger:1.1.22] AndroidManifest.xml:20:5-87
53-->[me.leolin:ShortcutBadger:1.1.22] AndroidManifest.xml:20:22-84
54    <uses-permission android:name="com.htc.launcher.permission.READ_SETTINGS" />
54-->[me.leolin:ShortcutBadger:1.1.22] AndroidManifest.xml:23:5-81
54-->[me.leolin:ShortcutBadger:1.1.22] AndroidManifest.xml:23:22-78
55    <uses-permission android:name="com.htc.launcher.permission.UPDATE_SHORTCUT" /> <!-- for sony -->
55-->[me.leolin:ShortcutBadger:1.1.22] AndroidManifest.xml:24:5-83
55-->[me.leolin:ShortcutBadger:1.1.22] AndroidManifest.xml:24:22-80
56    <uses-permission android:name="com.sonyericsson.home.permission.BROADCAST_BADGE" />
56-->[me.leolin:ShortcutBadger:1.1.22] AndroidManifest.xml:27:5-88
56-->[me.leolin:ShortcutBadger:1.1.22] AndroidManifest.xml:27:22-85
57    <uses-permission android:name="com.sonymobile.home.permission.PROVIDER_INSERT_BADGE" /> <!-- for apex -->
57-->[me.leolin:ShortcutBadger:1.1.22] AndroidManifest.xml:28:5-92
57-->[me.leolin:ShortcutBadger:1.1.22] AndroidManifest.xml:28:22-89
58    <uses-permission android:name="com.anddoes.launcher.permission.UPDATE_COUNT" /> <!-- for solid -->
58-->[me.leolin:ShortcutBadger:1.1.22] AndroidManifest.xml:31:5-84
58-->[me.leolin:ShortcutBadger:1.1.22] AndroidManifest.xml:31:22-81
59    <uses-permission android:name="com.majeur.launcher.permission.UPDATE_BADGE" /> <!-- for huawei -->
59-->[me.leolin:ShortcutBadger:1.1.22] AndroidManifest.xml:34:5-83
59-->[me.leolin:ShortcutBadger:1.1.22] AndroidManifest.xml:34:22-80
60    <uses-permission android:name="com.huawei.android.launcher.permission.CHANGE_BADGE" />
60-->[me.leolin:ShortcutBadger:1.1.22] AndroidManifest.xml:37:5-91
60-->[me.leolin:ShortcutBadger:1.1.22] AndroidManifest.xml:37:22-88
61    <uses-permission android:name="com.huawei.android.launcher.permission.READ_SETTINGS" />
61-->[me.leolin:ShortcutBadger:1.1.22] AndroidManifest.xml:38:5-92
61-->[me.leolin:ShortcutBadger:1.1.22] AndroidManifest.xml:38:22-89
62    <uses-permission android:name="com.huawei.android.launcher.permission.WRITE_SETTINGS" /> <!-- for ZUK -->
62-->[me.leolin:ShortcutBadger:1.1.22] AndroidManifest.xml:39:5-93
62-->[me.leolin:ShortcutBadger:1.1.22] AndroidManifest.xml:39:22-90
63    <uses-permission android:name="android.permission.READ_APP_BADGE" /> <!-- for OPPO -->
63-->[me.leolin:ShortcutBadger:1.1.22] AndroidManifest.xml:42:5-73
63-->[me.leolin:ShortcutBadger:1.1.22] AndroidManifest.xml:42:22-70
64    <uses-permission android:name="com.oppo.launcher.permission.READ_SETTINGS" />
64-->[me.leolin:ShortcutBadger:1.1.22] AndroidManifest.xml:45:5-82
64-->[me.leolin:ShortcutBadger:1.1.22] AndroidManifest.xml:45:22-79
65    <uses-permission android:name="com.oppo.launcher.permission.WRITE_SETTINGS" /> <!-- for EvMe -->
65-->[me.leolin:ShortcutBadger:1.1.22] AndroidManifest.xml:46:5-83
65-->[me.leolin:ShortcutBadger:1.1.22] AndroidManifest.xml:46:22-80
66    <uses-permission android:name="me.everything.badger.permission.BADGE_COUNT_READ" />
66-->[me.leolin:ShortcutBadger:1.1.22] AndroidManifest.xml:49:5-88
66-->[me.leolin:ShortcutBadger:1.1.22] AndroidManifest.xml:49:22-85
67    <uses-permission android:name="me.everything.badger.permission.BADGE_COUNT_WRITE" />
67-->[me.leolin:ShortcutBadger:1.1.22] AndroidManifest.xml:50:5-89
67-->[me.leolin:ShortcutBadger:1.1.22] AndroidManifest.xml:50:22-86
68
69    <application
69-->src/main/AndroidManifest.xml:17:5-67:19
70        android:name="com.bracketsdevphone.MainApplication"
70-->src/main/AndroidManifest.xml:18:7-38
71        android:allowBackup="false"
71-->src/main/AndroidManifest.xml:22:7-34
72        android:appComponentFactory="androidx.core.app.CoreComponentFactory"
72-->[androidx.core:core:1.9.0] AndroidManifest.xml:28:18-86
73        android:debuggable="true"
74        android:extractNativeLibs="true"
75        android:icon="@mipmap/ic_launcher"
75-->src/main/AndroidManifest.xml:20:7-41
76        android:label="@string/app_name"
76-->src/main/AndroidManifest.xml:19:7-39
77        android:roundIcon="@mipmap/ic_launcher_round"
77-->src/main/AndroidManifest.xml:21:7-52
78        android:theme="@style/AppTheme"
78-->src/main/AndroidManifest.xml:23:7-38
79        android:usesCleartextTraffic="true" >
79-->src/debug/AndroidManifest.xml:6:9-44
80        <activity
80-->src/main/AndroidManifest.xml:25:7-38:18
81            android:name="com.bracketsdevphone.MainActivity"
81-->src/main/AndroidManifest.xml:26:9-37
82            android:configChanges="keyboard|keyboardHidden|orientation|screenLayout|screenSize|smallestScreenSize|uiMode"
82-->src/main/AndroidManifest.xml:28:9-118
83            android:exported="true"
83-->src/main/AndroidManifest.xml:33:9-32
84            android:label="@string/app_name"
84-->src/main/AndroidManifest.xml:27:9-41
85            android:launchMode="singleTask"
85-->src/main/AndroidManifest.xml:29:9-40
86            android:showWhenLocked="true"
86-->src/main/AndroidManifest.xml:30:9-38
87            android:turnScreenOn="true"
87-->src/main/AndroidManifest.xml:31:9-36
88            android:windowSoftInputMode="adjustPan" >
88-->src/main/AndroidManifest.xml:32:9-48
89            <intent-filter>
89-->src/main/AndroidManifest.xml:34:9-37:25
90                <action android:name="android.intent.action.MAIN" />
90-->src/main/AndroidManifest.xml:35:13-65
90-->src/main/AndroidManifest.xml:35:21-62
91
92                <category android:name="android.intent.category.LAUNCHER" />
92-->src/main/AndroidManifest.xml:36:13-73
92-->src/main/AndroidManifest.xml:36:23-70
93            </intent-filter>
94        </activity>
95
96        <provider
96-->[:notifee_react-native] AndroidManifest.xml:8:9-12:40
97            android:name="io.invertase.notifee.NotifeeInitProvider"
97-->[:notifee_react-native] AndroidManifest.xml:9:13-68
98            android:authorities="com.bracketsdevphone.notifee-init-provider"
98-->[:notifee_react-native] AndroidManifest.xml:10:13-73
99            android:exported="false"
99-->[:notifee_react-native] AndroidManifest.xml:11:13-37
100            android:initOrder="-100" />
100-->[:notifee_react-native] AndroidManifest.xml:12:13-37
101
102        <service
102-->[:react-native-firebase_messaging] AndroidManifest.xml:12:9-14:40
103            android:name="io.invertase.firebase.messaging.ReactNativeFirebaseMessagingHeadlessService"
103-->[:react-native-firebase_messaging] AndroidManifest.xml:13:13-103
104            android:exported="false" />
104-->[:react-native-firebase_messaging] AndroidManifest.xml:14:13-37
105        <service
105-->[:react-native-firebase_messaging] AndroidManifest.xml:15:9-21:19
106            android:name="io.invertase.firebase.messaging.ReactNativeFirebaseMessagingService"
106-->[:react-native-firebase_messaging] AndroidManifest.xml:16:13-95
107            android:exported="false" >
107-->[:react-native-firebase_messaging] AndroidManifest.xml:17:13-37
108            <intent-filter>
108-->[:react-native-firebase_messaging] AndroidManifest.xml:18:13-20:29
109                <action android:name="com.google.firebase.MESSAGING_EVENT" />
109-->[:react-native-firebase_messaging] AndroidManifest.xml:19:17-78
109-->[:react-native-firebase_messaging] AndroidManifest.xml:19:25-75
110            </intent-filter>
111        </service>
112
113        <receiver
113-->[:react-native-firebase_messaging] AndroidManifest.xml:23:9-30:20
114            android:name="io.invertase.firebase.messaging.ReactNativeFirebaseMessagingReceiver"
114-->[:react-native-firebase_messaging] AndroidManifest.xml:24:13-96
115            android:exported="true"
115-->[:react-native-firebase_messaging] AndroidManifest.xml:25:13-36
116            android:permission="com.google.android.c2dm.permission.SEND" >
116-->[:react-native-firebase_messaging] AndroidManifest.xml:26:13-73
117            <intent-filter>
117-->[:react-native-firebase_messaging] AndroidManifest.xml:27:13-29:29
118                <action android:name="com.google.android.c2dm.intent.RECEIVE" />
118-->[:react-native-firebase_messaging] AndroidManifest.xml:28:17-81
118-->[:react-native-firebase_messaging] AndroidManifest.xml:28:25-78
119            </intent-filter>
120        </receiver>
121
122        <meta-data
122-->[:react-native-firebase_messaging] AndroidManifest.xml:32:9-34:36
123            android:name="firebase_messaging_auto_init_enabled"
123-->[:react-native-firebase_messaging] AndroidManifest.xml:33:13-64
124            android:value="true" />
124-->[:react-native-firebase_messaging] AndroidManifest.xml:34:13-33
125        <meta-data
125-->[:react-native-firebase_messaging] AndroidManifest.xml:35:9-37:32
126            android:name="com.google.firebase.messaging.default_notification_channel_id"
126-->[:react-native-firebase_messaging] AndroidManifest.xml:36:13-89
127            android:value="" />
127-->[:react-native-firebase_messaging] AndroidManifest.xml:37:13-29
128        <meta-data
128-->[:react-native-firebase_messaging] AndroidManifest.xml:38:9-40:47
129            android:name="com.google.firebase.messaging.default_notification_color"
129-->[:react-native-firebase_messaging] AndroidManifest.xml:39:13-84
130            android:resource="@color/white" />
130-->[:react-native-firebase_messaging] AndroidManifest.xml:40:13-44
131        <meta-data
131-->[:react-native-firebase_app] AndroidManifest.xml:9:9-11:36
132            android:name="app_data_collection_default_enabled"
132-->[:react-native-firebase_app] AndroidManifest.xml:10:13-63
133            android:value="true" />
133-->[:react-native-firebase_app] AndroidManifest.xml:11:13-33
134
135        <service
135-->[:react-native-firebase_app] AndroidManifest.xml:13:9-21:19
136            android:name="com.google.firebase.components.ComponentDiscoveryService"
136-->[:react-native-firebase_app] AndroidManifest.xml:14:13-84
137            android:directBootAware="true"
137-->[:react-native-firebase_app] AndroidManifest.xml:15:13-43
138            android:exported="false" >
138-->[:react-native-firebase_app] AndroidManifest.xml:16:13-37
139            <meta-data
139-->[:react-native-firebase_app] AndroidManifest.xml:18:13-20:85
140                android:name="com.google.firebase.components:io.invertase.firebase.app.ReactNativeFirebaseAppRegistrar"
140-->[:react-native-firebase_app] AndroidManifest.xml:19:17-120
141                android:value="com.google.firebase.components.ComponentRegistrar" />
141-->[:react-native-firebase_app] AndroidManifest.xml:20:17-82
142            <meta-data
142-->[com.google.firebase:firebase-messaging:23.4.0] AndroidManifest.xml:57:13-59:85
143                android:name="com.google.firebase.components:com.google.firebase.messaging.FirebaseMessagingKtxRegistrar"
143-->[com.google.firebase:firebase-messaging:23.4.0] AndroidManifest.xml:58:17-122
144                android:value="com.google.firebase.components.ComponentRegistrar" />
144-->[com.google.firebase:firebase-messaging:23.4.0] AndroidManifest.xml:59:17-82
145            <meta-data
145-->[com.google.firebase:firebase-messaging:23.4.0] AndroidManifest.xml:60:13-62:85
146                android:name="com.google.firebase.components:com.google.firebase.messaging.FirebaseMessagingRegistrar"
146-->[com.google.firebase:firebase-messaging:23.4.0] AndroidManifest.xml:61:17-119
147                android:value="com.google.firebase.components.ComponentRegistrar" />
147-->[com.google.firebase:firebase-messaging:23.4.0] AndroidManifest.xml:62:17-82
148            <meta-data
148-->[com.google.android.gms:play-services-measurement-api:21.5.0] AndroidManifest.xml:37:13-39:85
149                android:name="com.google.firebase.components:com.google.firebase.analytics.connector.internal.AnalyticsConnectorRegistrar"
149-->[com.google.android.gms:play-services-measurement-api:21.5.0] AndroidManifest.xml:38:17-139
150                android:value="com.google.firebase.components.ComponentRegistrar" />
150-->[com.google.android.gms:play-services-measurement-api:21.5.0] AndroidManifest.xml:39:17-82
151            <meta-data
151-->[com.google.firebase:firebase-installations:17.2.0] AndroidManifest.xml:15:13-17:85
152                android:name="com.google.firebase.components:com.google.firebase.installations.FirebaseInstallationsKtxRegistrar"
152-->[com.google.firebase:firebase-installations:17.2.0] AndroidManifest.xml:16:17-130
153                android:value="com.google.firebase.components.ComponentRegistrar" />
153-->[com.google.firebase:firebase-installations:17.2.0] AndroidManifest.xml:17:17-82
154            <meta-data
154-->[com.google.firebase:firebase-installations:17.2.0] AndroidManifest.xml:18:13-20:85
155                android:name="com.google.firebase.components:com.google.firebase.installations.FirebaseInstallationsRegistrar"
155-->[com.google.firebase:firebase-installations:17.2.0] AndroidManifest.xml:19:17-127
156                android:value="com.google.firebase.components.ComponentRegistrar" />
156-->[com.google.firebase:firebase-installations:17.2.0] AndroidManifest.xml:20:17-82
157            <meta-data
157-->[com.google.firebase:firebase-common-ktx:20.4.2] AndroidManifest.xml:12:13-14:85
158                android:name="com.google.firebase.components:com.google.firebase.ktx.FirebaseCommonLegacyRegistrar"
158-->[com.google.firebase:firebase-common-ktx:20.4.2] AndroidManifest.xml:13:17-116
159                android:value="com.google.firebase.components.ComponentRegistrar" />
159-->[com.google.firebase:firebase-common-ktx:20.4.2] AndroidManifest.xml:14:17-82
160            <meta-data
160-->[com.google.firebase:firebase-common:20.4.2] AndroidManifest.xml:35:13-37:85
161                android:name="com.google.firebase.components:com.google.firebase.FirebaseCommonKtxRegistrar"
161-->[com.google.firebase:firebase-common:20.4.2] AndroidManifest.xml:36:17-109
162                android:value="com.google.firebase.components.ComponentRegistrar" />
162-->[com.google.firebase:firebase-common:20.4.2] AndroidManifest.xml:37:17-82
163            <meta-data
163-->[com.google.firebase:firebase-datatransport:18.1.7] AndroidManifest.xml:27:13-29:85
164                android:name="com.google.firebase.components:com.google.firebase.datatransport.TransportRegistrar"
164-->[com.google.firebase:firebase-datatransport:18.1.7] AndroidManifest.xml:28:17-115
165                android:value="com.google.firebase.components.ComponentRegistrar" />
165-->[com.google.firebase:firebase-datatransport:18.1.7] AndroidManifest.xml:29:17-82
166        </service>
167
168        <provider
168-->[:react-native-firebase_app] AndroidManifest.xml:23:9-27:38
169            android:name="io.invertase.firebase.app.ReactNativeFirebaseAppInitProvider"
169-->[:react-native-firebase_app] AndroidManifest.xml:24:13-88
170            android:authorities="com.bracketsdevphone.reactnativefirebaseappinitprovider"
170-->[:react-native-firebase_app] AndroidManifest.xml:25:13-86
171            android:exported="false"
171-->[:react-native-firebase_app] AndroidManifest.xml:26:13-37
172            android:initOrder="99" />
172-->[:react-native-firebase_app] AndroidManifest.xml:27:13-35
173        <provider
173-->[:react-native-image-picker] AndroidManifest.xml:8:9-16:20
174            android:name="com.imagepicker.ImagePickerProvider"
174-->[:react-native-image-picker] AndroidManifest.xml:9:13-63
175            android:authorities="com.bracketsdevphone.imagepickerprovider"
175-->[:react-native-image-picker] AndroidManifest.xml:10:13-71
176            android:exported="false"
176-->[:react-native-image-picker] AndroidManifest.xml:11:13-37
177            android:grantUriPermissions="true" >
177-->[:react-native-image-picker] AndroidManifest.xml:12:13-47
178            <meta-data
178-->[:react-native-image-picker] AndroidManifest.xml:13:13-15:70
179                android:name="android.support.FILE_PROVIDER_PATHS"
179-->[:react-native-image-picker] AndroidManifest.xml:14:17-67
180                android:resource="@xml/imagepicker_provider_paths" />
180-->[:react-native-image-picker] AndroidManifest.xml:15:17-67
181        </provider>
182
183        <activity
183-->[com.facebook.react:react-android:0.73.1] AndroidManifest.xml:19:9-21:40
184            android:name="com.facebook.react.devsupport.DevSettingsActivity"
184-->[com.facebook.react:react-android:0.73.1] AndroidManifest.xml:20:13-77
185            android:exported="false" />
185-->[com.facebook.react:react-android:0.73.1] AndroidManifest.xml:21:13-37
186
187        <receiver
187-->[com.google.firebase:firebase-messaging:23.4.0] AndroidManifest.xml:29:9-40:20
188            android:name="com.google.firebase.iid.FirebaseInstanceIdReceiver"
188-->[com.google.firebase:firebase-messaging:23.4.0] AndroidManifest.xml:30:13-78
189            android:exported="true"
189-->[com.google.firebase:firebase-messaging:23.4.0] AndroidManifest.xml:31:13-36
190            android:permission="com.google.android.c2dm.permission.SEND" >
190-->[com.google.firebase:firebase-messaging:23.4.0] AndroidManifest.xml:32:13-73
191            <intent-filter>
191-->[:react-native-firebase_messaging] AndroidManifest.xml:27:13-29:29
192                <action android:name="com.google.android.c2dm.intent.RECEIVE" />
192-->[:react-native-firebase_messaging] AndroidManifest.xml:28:17-81
192-->[:react-native-firebase_messaging] AndroidManifest.xml:28:25-78
193            </intent-filter>
194
195            <meta-data
195-->[com.google.firebase:firebase-messaging:23.4.0] AndroidManifest.xml:37:13-39:40
196                android:name="com.google.android.gms.cloudmessaging.FINISHED_AFTER_HANDLED"
196-->[com.google.firebase:firebase-messaging:23.4.0] AndroidManifest.xml:38:17-92
197                android:value="true" />
197-->[com.google.firebase:firebase-messaging:23.4.0] AndroidManifest.xml:39:17-37
198        </receiver>
199        <!--
200             FirebaseMessagingService performs security checks at runtime,
201             but set to not exported to explicitly avoid allowing another app to call it.
202        -->
203        <service
203-->[com.google.firebase:firebase-messaging:23.4.0] AndroidManifest.xml:46:9-53:19
204            android:name="com.google.firebase.messaging.FirebaseMessagingService"
204-->[com.google.firebase:firebase-messaging:23.4.0] AndroidManifest.xml:47:13-82
205            android:directBootAware="true"
205-->[com.google.firebase:firebase-messaging:23.4.0] AndroidManifest.xml:48:13-43
206            android:exported="false" >
206-->[com.google.firebase:firebase-messaging:23.4.0] AndroidManifest.xml:49:13-37
207            <intent-filter android:priority="-500" >
207-->[:react-native-firebase_messaging] AndroidManifest.xml:18:13-20:29
208                <action android:name="com.google.firebase.MESSAGING_EVENT" />
208-->[:react-native-firebase_messaging] AndroidManifest.xml:19:17-78
208-->[:react-native-firebase_messaging] AndroidManifest.xml:19:25-75
209            </intent-filter>
210        </service>
211
212        <property
212-->[com.google.android.gms:play-services-measurement-api:21.5.0] AndroidManifest.xml:30:9-32:61
213            android:name="android.adservices.AD_SERVICES_CONFIG"
213-->[com.google.android.gms:play-services-measurement-api:21.5.0] AndroidManifest.xml:31:13-65
214            android:resource="@xml/ga_ad_services_config" />
214-->[com.google.android.gms:play-services-measurement-api:21.5.0] AndroidManifest.xml:32:13-58
215
216        <provider
216-->[androidx.work:work-runtime:2.8.0] AndroidManifest.xml:29:9-37:20
217            android:name="androidx.startup.InitializationProvider"
217-->[androidx.work:work-runtime:2.8.0] AndroidManifest.xml:30:13-67
218            android:authorities="com.bracketsdevphone.androidx-startup"
218-->[androidx.work:work-runtime:2.8.0] AndroidManifest.xml:31:13-68
219            android:exported="false" >
219-->[androidx.work:work-runtime:2.8.0] AndroidManifest.xml:32:13-37
220            <meta-data
220-->[androidx.work:work-runtime:2.8.0] AndroidManifest.xml:34:13-36:52
221                android:name="androidx.work.WorkManagerInitializer"
221-->[androidx.work:work-runtime:2.8.0] AndroidManifest.xml:35:17-68
222                android:value="androidx.startup" />
222-->[androidx.work:work-runtime:2.8.0] AndroidManifest.xml:36:17-49
223            <meta-data
223-->[androidx.emoji2:emoji2:1.2.0] AndroidManifest.xml:29:13-31:52
224                android:name="androidx.emoji2.text.EmojiCompatInitializer"
224-->[androidx.emoji2:emoji2:1.2.0] AndroidManifest.xml:30:17-75
225                android:value="androidx.startup" />
225-->[androidx.emoji2:emoji2:1.2.0] AndroidManifest.xml:31:17-49
226            <meta-data
226-->[androidx.lifecycle:lifecycle-process:2.4.1] AndroidManifest.xml:31:13-33:52
227                android:name="androidx.lifecycle.ProcessLifecycleInitializer"
227-->[androidx.lifecycle:lifecycle-process:2.4.1] AndroidManifest.xml:32:17-78
228                android:value="androidx.startup" />
228-->[androidx.lifecycle:lifecycle-process:2.4.1] AndroidManifest.xml:33:17-49
229        </provider>
230
231        <service
231-->[androidx.work:work-runtime:2.8.0] AndroidManifest.xml:39:9-45:35
232            android:name="androidx.work.impl.background.systemalarm.SystemAlarmService"
232-->[androidx.work:work-runtime:2.8.0] AndroidManifest.xml:40:13-88
233            android:directBootAware="false"
233-->[androidx.work:work-runtime:2.8.0] AndroidManifest.xml:41:13-44
234            android:enabled="@bool/enable_system_alarm_service_default"
234-->[androidx.work:work-runtime:2.8.0] AndroidManifest.xml:42:13-72
235            android:exported="false" />
235-->[androidx.work:work-runtime:2.8.0] AndroidManifest.xml:43:13-37
236        <service
236-->[androidx.work:work-runtime:2.8.0] AndroidManifest.xml:46:9-52:35
237            android:name="androidx.work.impl.background.systemjob.SystemJobService"
237-->[androidx.work:work-runtime:2.8.0] AndroidManifest.xml:47:13-84
238            android:directBootAware="false"
238-->[androidx.work:work-runtime:2.8.0] AndroidManifest.xml:48:13-44
239            android:enabled="@bool/enable_system_job_service_default"
239-->[androidx.work:work-runtime:2.8.0] AndroidManifest.xml:49:13-70
240            android:exported="true"
240-->[androidx.work:work-runtime:2.8.0] AndroidManifest.xml:50:13-36
241            android:permission="android.permission.BIND_JOB_SERVICE" />
241-->[androidx.work:work-runtime:2.8.0] AndroidManifest.xml:51:13-69
242        <service
242-->[androidx.work:work-runtime:2.8.0] AndroidManifest.xml:53:9-59:35
243            android:name="androidx.work.impl.foreground.SystemForegroundService"
243-->[androidx.work:work-runtime:2.8.0] AndroidManifest.xml:54:13-81
244            android:directBootAware="false"
244-->[androidx.work:work-runtime:2.8.0] AndroidManifest.xml:55:13-44
245            android:enabled="@bool/enable_system_foreground_service_default"
245-->[androidx.work:work-runtime:2.8.0] AndroidManifest.xml:56:13-77
246            android:exported="false" />
246-->[androidx.work:work-runtime:2.8.0] AndroidManifest.xml:57:13-37
247
248        <receiver
248-->[androidx.work:work-runtime:2.8.0] AndroidManifest.xml:61:9-66:35
249            android:name="androidx.work.impl.utils.ForceStopRunnable$BroadcastReceiver"
249-->[androidx.work:work-runtime:2.8.0] AndroidManifest.xml:62:13-88
250            android:directBootAware="false"